0 info it worked if it ends with ok
1 verbose cli [ '/usr/bin/node',
1 verbose cli   '/usr/bin/npm',
1 verbose cli   'install',
1 verbose cli   '-g',
1 verbose cli   'coffee-reactify' ]
2 info using npm@1.4.28
3 info using node@v0.10.37
4 verbose node symlink /usr/bin/node
5 verbose cache add [ 'coffee-reactify', null ]
6 verbose cache add name=undefined spec="coffee-reactify" args=["coffee-reactify",null]
7 verbose parsed url { protocol: null,
7 verbose parsed url   slashes: null,
7 verbose parsed url   auth: null,
7 verbose parsed url   host: null,
7 verbose parsed url   port: null,
7 verbose parsed url   hostname: null,
7 verbose parsed url   hash: null,
7 verbose parsed url   search: null,
7 verbose parsed url   query: null,
7 verbose parsed url   pathname: 'coffee-reactify',
7 verbose parsed url   path: 'coffee-reactify',
7 verbose parsed url   href: 'coffee-reactify' }
8 silly lockFile 414889d8-coffee-reactify coffee-reactify
9 verbose lock coffee-reactify /home/joseph/.npm/414889d8-coffee-reactify.lock
10 silly lockFile 414889d8-coffee-reactify coffee-reactify
11 silly lockFile 414889d8-coffee-reactify coffee-reactify
12 verbose addNamed [ 'coffee-reactify', '' ]
13 verbose addNamed [ null, '*' ]
14 silly lockFile be9dfae8-coffee-reactify coffee-reactify@
15 verbose lock coffee-reactify@ /home/joseph/.npm/be9dfae8-coffee-reactify.lock
16 silly addNameRange { name: 'coffee-reactify', range: '*', hasData: false }
17 verbose request where is /coffee-reactify
18 verbose request registry https://registry.npmjs.org/
19 verbose request id 67959e02c2ce2c8e
20 verbose url raw /coffee-reactify
21 verbose url resolving [ 'https://registry.npmjs.org/', './coffee-reactify' ]
22 verbose url resolved https://registry.npmjs.org/coffee-reactify
23 verbose request where is https://registry.npmjs.org/coffee-reactify
24 info trying registry request attempt 1 at 14:39:13
25 http GET https://registry.npmjs.org/coffee-reactify
26 http 200 https://registry.npmjs.org/coffee-reactify
27 silly registry.get cb [ 200,
27 silly registry.get   { server: 'CouchDB/1.5.0 (Erlang OTP/R16B03)',
27 silly registry.get     etag: '"21A6G7WLBTE280D2ECFEDVFW0"',
27 silly registry.get     'content-type': 'application/json',
27 silly registry.get     'cache-control': 'max-age=60',
27 silly registry.get     'content-length': '24385',
27 silly registry.get     'accept-ranges': 'bytes',
27 silly registry.get     date: 'Sun, 11 Oct 2015 04:33:27 GMT',
27 silly registry.get     via: '1.1 varnish',
27 silly registry.get     age: '0',
27 silly registry.get     connection: 'keep-alive',
27 silly registry.get     'x-served-by': 'cache-nrt6134-NRT',
27 silly registry.get     'x-cache': 'MISS',
27 silly registry.get     'x-cache-hits': '0',
27 silly registry.get     'x-timer': 'S1444538006.964145,VS0,VE436',
27 silly registry.get     vary: 'Accept' } ]
28 silly addNameRange number 2 { name: 'coffee-reactify', range: '*', hasData: true }
29 silly addNameRange versions [ 'coffee-reactify',
29 silly addNameRange   [ '0.1.0',
29 silly addNameRange     '0.1.1',
29 silly addNameRange     '0.1.2',
29 silly addNameRange     '0.1.3',
29 silly addNameRange     '0.4.0',
29 silly addNameRange     '0.5.0',
29 silly addNameRange     '0.5.1',
29 silly addNameRange     '0.5.2',
29 silly addNameRange     '1.0.1',
29 silly addNameRange     '1.0.2',
29 silly addNameRange     '1.0.3',
29 silly addNameRange     '0.6.0',
29 silly addNameRange     '2.0.0',
29 silly addNameRange     '2.1.0',
29 silly addNameRange     '2.4.1',
29 silly addNameRange     '3.0.0',
29 silly addNameRange     '4.0.0' ] ]
30 verbose addNamed [ 'coffee-reactify', '4.0.0' ]
31 verbose addNamed [ '4.0.0', '4.0.0' ]
32 silly lockFile 3955125b-coffee-reactify-4-0-0 coffee-reactify@4.0.0
33 verbose lock coffee-reactify@4.0.0 /home/joseph/.npm/3955125b-coffee-reactify-4-0-0.lock
34 silly lockFile 53827dda-actify-coffee-reactify-4-0-0-tgz https://registry.npmjs.org/coffee-reactify/-/coffee-reactify-4.0.0.tgz
35 verbose lock https://registry.npmjs.org/coffee-reactify/-/coffee-reactify-4.0.0.tgz /home/joseph/.npm/53827dda-actify-coffee-reactify-4-0-0-tgz.lock
36 verbose addRemoteTarball [ 'https://registry.npmjs.org/coffee-reactify/-/coffee-reactify-4.0.0.tgz',
36 verbose addRemoteTarball   '946263ace43851d4718d5cef1ac4a2e830eba19b' ]
37 info retry fetch attempt 1 at 14:39:16
38 verbose fetch to= /tmp/npm-16906-6K6FFjFA/registry.npmjs.org/coffee-reactify/-/coffee-reactify-4.0.0.tgz
39 http GET https://registry.npmjs.org/coffee-reactify/-/coffee-reactify-4.0.0.tgz
40 http 200 https://registry.npmjs.org/coffee-reactify/-/coffee-reactify-4.0.0.tgz
41 silly lockFile 53827dda-actify-coffee-reactify-4-0-0-tgz https://registry.npmjs.org/coffee-reactify/-/coffee-reactify-4.0.0.tgz
42 silly lockFile 53827dda-actify-coffee-reactify-4-0-0-tgz https://registry.npmjs.org/coffee-reactify/-/coffee-reactify-4.0.0.tgz
43 silly lockFile 3955125b-coffee-reactify-4-0-0 coffee-reactify@4.0.0
44 silly lockFile 3955125b-coffee-reactify-4-0-0 coffee-reactify@4.0.0
45 silly lockFile be9dfae8-coffee-reactify coffee-reactify@
46 silly lockFile be9dfae8-coffee-reactify coffee-reactify@
47 silly resolved [ { name: 'coffee-reactify',
47 silly resolved     version: '4.0.0',
47 silly resolved     description: 'browserify v2 plugin for coffee-react cjsx',
47 silly resolved     main: 'index.js',
47 silly resolved     dependencies:
47 silly resolved      { 'coffee-react': '^4.0.0',
47 silly resolved        'convert-source-map': '~0.3.3',
47 silly resolved        through: '~2.3.4' },
47 silly resolved     devDependencies: { tap: '~0.4.0', browserify: '^3.38.0', react: '^0.12.0' },
47 silly resolved     scripts: { test: 'tap test/*.js' },
47 silly resolved     repository:
47 silly resolved      { type: 'git',
47 silly resolved        url: 'git://github.com/jsdf/coffee-reactify.git' },
47 silly resolved     homepage: 'https://github.com/jsdf/coffee-reactify',
47 silly resolved     keywords: [ 'coffee-script', 'react', 'browserify', 'transform' ],
47 silly resolved     contributors: [ [Object], [Object], [Object] ],
47 silly resolved     license: 'MIT',
47 silly resolved     gitHead: 'f1dfaf0156f956e8ceaa0c86710ef034f1bb393c',
47 silly resolved     bugs: { url: 'https://github.com/jsdf/coffee-reactify/issues' },
47 silly resolved     _id: 'coffee-reactify@4.0.0',
47 silly resolved     _shasum: '946263ace43851d4718d5cef1ac4a2e830eba19b',
47 silly resolved     _from: 'coffee-reactify@',
47 silly resolved     _npmVersion: '2.4.1',
47 silly resolved     _nodeVersion: '0.10.26',
47 silly resolved     _npmUser: { name: 'jsdf', email: 'james@jsdf.co' },
47 silly resolved     maintainers: [ [Object] ],
47 silly resolved     dist:
47 silly resolved      { shasum: '946263ace43851d4718d5cef1ac4a2e830eba19b',
47 silly resolved        tarball: 'http://registry.npmjs.org/coffee-reactify/-/coffee-reactify-4.0.0.tgz' },
47 silly resolved     directories: {},
47 silly resolved     _resolved: 'https://registry.npmjs.org/coffee-reactify/-/coffee-reactify-4.0.0.tgz' } ]
48 info install coffee-reactify@4.0.0 into /usr/lib
49 info installOne coffee-reactify@4.0.0
50 verbose lib/node_modules/coffee-reactify unbuild
51 verbose tar unpack /home/joseph/.npm/coffee-reactify/4.0.0/package.tgz
52 silly lockFile 44d7f5b8-lib-node-modules-coffee-reactify tar:///usr/lib/node_modules/coffee-reactify
53 verbose lock tar:///usr/lib/node_modules/coffee-reactify /home/joseph/.npm/44d7f5b8-lib-node-modules-coffee-reactify.lock
54 silly lockFile bd120597-offee-reactify-4-0-0-package-tgz tar:///home/joseph/.npm/coffee-reactify/4.0.0/package.tgz
55 verbose lock tar:///home/joseph/.npm/coffee-reactify/4.0.0/package.tgz /home/joseph/.npm/bd120597-offee-reactify-4-0-0-package-tgz.lock
56 silly gunzTarPerm modes [ '775', '664' ]
57 error Error: EACCES, mkdir '/usr/lib/node_modules/coffee-reactify'
57 error  { [Error: EACCES, mkdir '/usr/lib/node_modules/coffee-reactify']
57 error   errno: 3,
57 error   code: 'EACCES',
57 error   path: '/usr/lib/node_modules/coffee-reactify',
57 error   fstream_type: 'Directory',
57 error   fstream_path: '/usr/lib/node_modules/coffee-reactify',
57 error   fstream_class: 'DirWriter',
57 error   fstream_stack:
57 error    [ '/usr/lib/node_modules/npm/node_modules/fstream/lib/dir-writer.js:36:23',
57 error      '/usr/lib/node_modules/npm/node_modules/mkdirp/index.js:46:53',
57 error      'Object.oncomplete (fs.js:108:15)' ] }
58 error Please try running this command again as root/Administrator.
59 error System Linux 3.13.0-36-generic
60 error command "/usr/bin/node" "/usr/bin/npm" "install" "-g" "coffee-reactify"
61 error cwd /var/www/rails_project/reactJsExercise2
62 error node -v v0.10.37
63 error npm -v 1.4.28
64 error path /usr/lib/node_modules/coffee-reactify
65 error fstream_path /usr/lib/node_modules/coffee-reactify
66 error fstream_type Directory
67 error fstream_class DirWriter
68 error code EACCES
69 error errno 3
70 error stack Error: EACCES, mkdir '/usr/lib/node_modules/coffee-reactify'
71 error fstream_stack /usr/lib/node_modules/npm/node_modules/fstream/lib/dir-writer.js:36:23
71 error fstream_stack /usr/lib/node_modules/npm/node_modules/mkdirp/index.js:46:53
71 error fstream_stack Object.oncomplete (fs.js:108:15)
72 verbose exit [ 3, true ]
